  MOC CDoublePushButton.h
  MOC FtpClientWidget.h
  CDoublePushButton.cpp
D:\1_project\Z_project\GitProject\DI\digitalIntegration\CDoublePushButton.h(10,33): warning C4100: “parent”: 未引用的形参
  FtpClientWidget.cpp
D:\1_project\Z_project\GitProject\DI\digitalIntegration\databaseDI.h(1,1): warning C4819: 该文件包含不能在当前代码页(936)中表示的字符。请将该文件保存为 Unicode 格式以防止数据丢失
D:\1_project\Z_project\GitProject\DI\digitalIntegration\FtpClientWidget.cpp(334,14): warning C4189: “success”: 局部变量已初始化但不引用
D:\1_project\Z_project\GitProject\DI\digitalIntegration\FtpClientWidget.cpp(395,48): warning C4100: “strDirPath”: 未引用的形参
D:\1_project\Z_project\GitProject\DI\digitalIntegration\FtpClientWidget.cpp(492,71): warning C4100: “strFtpPath”: 未引用的形参
D:\1_project\Z_project\GitProject\DI\digitalIntegration\FtpClientWidget.cpp(492,50): warning C4100: “name”: 未引用的形参
D:\1_project\Z_project\GitProject\DI\digitalIntegration\FtpClientWidget.cpp(607,69): warning C4100: “pos”: 未引用的形参
D:\1_project\Z_project\GitProject\DI\digitalIntegration\FtpClientWidget.cpp(790,18): warning C4189: “success”: 局部变量已初始化但不引用
D:\1_project\Z_project\GitProject\DI\digitalIntegration\FtpClientWidget.cpp(1139,15): warning C4189: “a”: 局部变量已初始化但不引用
D:\1_project\Z_project\GitProject\DI\digitalIntegration\FtpClientWidget.cpp(1339,56): warning C4100: “id”: 未引用的形参
D:\1_project\Z_project\GitProject\DI\digitalIntegration\FtpClientWidget.cpp(1348,18): warning C4189: “a”: 局部变量已初始化但不引用
  FtpDialog.cpp
D:\1_project\Z_project\GitProject\DI\digitalIntegration\databaseDI.h(1,1): warning C4819: 该文件包含不能在当前代码页(936)中表示的字符。请将该文件保存为 Unicode 格式以防止数据丢失
D:\1_project\Z_project\GitProject\DI\digitalIntegration\FtpDialog.cpp(278,37): warning C4100: “iFlag”: 未引用的形参
D:\1_project\Z_project\GitProject\DI\digitalIntegration\FtpDialog.cpp(518,9): warning C4189: “approval”: 局部变量已初始化但不引用
D:\1_project\Z_project\GitProject\DI\digitalIntegration\FtpDialog.cpp(517,9): warning C4189: “column”: 局部变量已初始化但不引用
D:\1_project\Z_project\GitProject\DI\digitalIntegration\FtpDialog.cpp(521,9): warning C4189: “id”: 局部变量已初始化但不引用
  GifDialog.cpp
  InformationConfihurationDialog.cpp
D:\1_project\Z_project\GitProject\DI\digitalIntegration\databaseDI.h(1,1): warning C4819: 该文件包含不能在当前代码页(936)中表示的字符。请将该文件保存为 Unicode 格式以防止数据丢失
  mainwindow.cpp
D:\1_project\Z_project\GitProject\DI\digitalIntegration\databaseDI.h(1,1): warning C4819: 该文件包含不能在当前代码页(936)中表示的字符。请将该文件保存为 Unicode 格式以防止数据丢失
D:\1_project\Z_project\GitProject\DI\digitalIntegration\libxzkfp\include\libzkfp.h(1,1): warning C4819: 该文件包含不能在当前代码页(936)中表示的字符。请将该文件保存为 Unicode 格式以防止数据丢失
D:\1_project\Z_project\GitProject\DI\digitalIntegration\libxzkfp\include\libzkfptype.h(1,1): warning C4819: 该文件包含不能在当前代码页(936)中表示的字符。请将该文件保存为 Unicode 格式以防止数据丢失
D:\1_project\Z_project\GitProject\DI\digitalIntegration\CDoublePushButton.h(10,33): warning C4100: “parent”: 未引用的形参
D:\1_project\Z_project\GitProject\DI\digitalIntegration\mainwindow.cpp(381,88): warning C4267: “参数”: 从“size_t”转换到“int”，可能丢失数据
D:\1_project\Z_project\GitProject\DI\digitalIntegration\mainwindow.cpp(589,7): warning C4189: “y”: 局部变量已初始化但不引用
D:\1_project\Z_project\GitProject\DI\digitalIntegration\mainwindow.cpp(588,7): warning C4189: “x”: 局部变量已初始化但不引用
D:\1_project\Z_project\GitProject\DI\digitalIntegration\mainwindow.cpp(893,24): warning C4189: “data”: 局部变量已初始化但不引用
D:\1_project\Z_project\GitProject\DI\digitalIntegration\mainwindow.cpp(972,15): warning C4189: “button3”: 局部变量已初始化但不引用
D:\1_project\Z_project\GitProject\DI\digitalIntegration\mainwindow.cpp(1014,15): warning C4189: “button3”: 局部变量已初始化但不引用
D:\1_project\Z_project\GitProject\DI\digitalIntegration\mainwindow.cpp(1054,15): warning C4189: “button3”: 局部变量已初始化但不引用
D:\1_project\Z_project\GitProject\DI\digitalIntegration\mainwindow.cpp(1094,15): warning C4189: “button3”: 局部变量已初始化但不引用
D:\1_project\Z_project\GitProject\DI\digitalIntegration\mainwindow.cpp(1159,98): warning C4267: “参数”: 从“size_t”转换到“int”，可能丢失数据
D:\1_project\Z_project\GitProject\DI\digitalIntegration\mainwindow.cpp(1380,7): warning C4189: “securedSettingsEnabled”: 局部变量已初始化但不引用
D:\1_project\Z_project\GitProject\DI\digitalIntegration\mainwindow.cpp(1533,7): warning C4189: “securedSettingsEnabled”: 局部变量已初始化但不引用
D:\1_project\Z_project\GitProject\DI\digitalIntegration\mainwindow.cpp(1534,13): warning C4189: “pSecuredmObject”: 局部变量已初始化但不引用
  moc_CDoublePushButton.cpp
D:\1_project\Z_project\GitProject\DI\digitalIntegration\CDoublePushButton.h(10,33): warning C4100: “parent”: 未引用的形参
  moc_FtpClientWidget.cpp
  正在生成代码...
D:\1_project\Z_project\GitProject\DI\digitalIntegration\mainwindow.cpp(1592): warning C4715: “MainWindow::getBtnLoadIndex”: 不是所有的控件路径都返回值
  digitalIntegration.vcxproj -> D:\1_project\Z_project\GitProject\DI\digitalIntegration\release\digitalIntegration.exe
